<?xml version="1.0" encoding="UTF-8"?>
<!-- Generated by org.testng.reporters.JUnitReportReporter -->
<testsuite hostname="LAPTOP-AVQ0MJ73" failures="0" tests="1" name="javaPackage.Practice4" time="2.834" errors="0" timestamp="2022-08-26T11:40:07 IST" skipped="0">
  <testcase classname="javaPackage.Practice4" name="locateElements" time="2.834"/>
  <system-out/>
</testsuite> <!-- javaPackage.Practice4 -->
