<?xml version="1.0" encoding="UTF-8"?>
<!-- Generated by org.testng.reporters.JUnitReportReporter -->
<testsuite hostname="LAPTOP-AVQ0MJ73" failures="0" tests="1" name="javaPackage.TestClass" time="0.011" errors="0" timestamp="2022-03-08T23:25:10 IST" skipped="0">
  <testcase classname="javaPackage.TestClass" name="a" time="0.011"/>
  <system-out/>
</testsuite> <!-- javaPackage.TestClass -->
