<?xml version="1.0" encoding="UTF-8"?>
<!-- Generated by org.testng.reporters.JUnitReportReporter -->
<testsuite hostname="LAPTOP-AVQ0MJ73" failures="0" tests="1" name="javaPackage.TestNG2" time="0.008" errors="0" timestamp="2022-08-03T22:46:24 IST" skipped="0">
  <testcase classname="javaPackage.TestNG2" name="assertionCheck" time="0.008"/>
  <system-out/>
</testsuite> <!-- javaPackage.TestNG2 -->
